<?xml version="1.0" encoding="UTF-8"?>
<!-- Generated by org.testng.reporters.JUnitXMLReporter -->
<testsuite ignored="0" hostname="MWLTPF1MEAFD" failures="2" tests="10" name="TestCase1" time="71.413" errors="0" timestamp="2019-10-06T06:31:32 SAST">
  <testcase classname="automationassignment.TestCase1" name="step1_EnterAddress" time="10.328"/>
  <testcase classname="automationassignment.TestCase1Bonus" name="step1_EnterAddress" time="8.642"/>
  <testcase classname="automationassignment.TestCase1" name="step2_SearchForRestaurantsNearAddress" time="13.741"/>
  <testcase classname="automationassignment.TestCase1Bonus" name="step2_SearchForRestaurantsNearAddress" time="6.143">
    <failure type="java.lang.AssertionError" message="Pages.pageOrderFromRestaurants().isAt() - Page not found ! did not expect to find [true] but found [false]">
      <![CDATA[java.lang.AssertionError: Pages.pageOrderFromRestaurants().isAt() - Page not found ! did not expect to find [true] but found [false]
at automationassignment.TestCase1Bonus.step2_SearchForRestaurantsNearAddress(TestCase1Bonus.java:22)
at java.base/java.util.ArrayList.forEach(ArrayList.java:1540)
at java.base/java.util.concurrent.FutureTask.run(FutureTask.java:264)
at java.base/java.util.concurrent.ThreadPoolExecutor.runWorker(ThreadPoolExecutor.java:1128)
at java.base/java.util.concurrent.ThreadPoolExecutor$Worker.run(ThreadPoolExecutor.java:628)
at java.base/java.lang.Thread.run(Thread.java:835)
... Removed 21 stack frames]]>
    </failure>
  </testcase> <!-- step2_SearchForRestaurantsNearAddress -->
  <testcase classname="automationassignment.TestCase1" name="step3_AddItemsToBasket" time="8.815"/>
  <testcase classname="automationassignment.TestCase1Bonus" name="step3_AddItemsToBasket" time="0.0">
    <skipped/>
  </testcase> <!-- step3_AddItemsToBasket -->
  <testcase classname="automationassignment.TestCase1" name="step4_CaptureDetailsForDelivery" time="4.451">
    <failure type="java.lang.StringIndexOutOfBoundsException" message="String index out of range: -1">
      <![CDATA[java.lang.StringIndexOutOfBoundsException: String index out of range: -1
at java.base/java.lang.String.substring(String.java:1850)
at pages.PageCheckout.removeCurrencyAndDecimalsAndConvertToInt(PageCheckout.java:105)
at pages.PageCheckout.selectPayAmountClosestToOrderPrice(PageCheckout.java:85)
at automationassignment.TestCase1.step4_CaptureDetailsForDelivery(TestCase1.java:45)
at java.base/java.util.ArrayList.forEach(ArrayList.java:1540)
at java.base/java.util.concurrent.FutureTask.run(FutureTask.java:264)
at java.base/java.util.concurrent.ThreadPoolExecutor.runWorker(ThreadPoolExecutor.java:1128)
at java.base/java.util.concurrent.ThreadPoolExecutor$Worker.run(ThreadPoolExecutor.java:628)
at java.base/java.lang.Thread.run(Thread.java:835)
... Removed 18 stack frames]]>
    </failure>
  </testcase> <!-- step4_CaptureDetailsForDelivery -->
  <testcase classname="automationassignment.TestCase1Bonus" name="step4_CaptureDetailsForDelivery" time="0.0">
    <skipped/>
  </testcase> <!-- step4_CaptureDetailsForDelivery -->
  <testcase classname="automationassignment.TestCase1" name="step5_ReceiveOrderReference" time="0.0">
    <skipped/>
  </testcase> <!-- step5_ReceiveOrderReference -->
  <testcase classname="automationassignment.TestCase1Bonus" name="step5_ReceiveOrderReference" time="0.0">
    <skipped/>
  </testcase> <!-- step5_ReceiveOrderReference -->
</testsuite> <!-- TestCase1 -->
