<?xml version="1.0" encoding="UTF-8"?>
<!-- Generated by org.testng.reporters.JUnitXMLReporter -->
<testsuite ignored="0" hostname="MWLTPF1MEAFD" failures="2" tests="10" name="TestCases" time="61.497" errors="0" timestamp="2019-10-06T07:20:29 SAST">
  <testcase classname="automationassignment.TestCase1Bonus" name="step1_EnterAddress" time="8.542"/>
  <testcase classname="automationassignment.TestCase1" name="step1_EnterAddress" time="8.147"/>
  <testcase classname="automationassignment.TestCase1Bonus" name="step2_SearchForRestaurantsNearAddress" time="13.325"/>
  <testcase classname="automationassignment.TestCase1" name="step2_SearchForRestaurantsNearAddress" time="12.595"/>
  <testcase classname="automationassignment.TestCase1Bonus" name="step3_AddItemsToBasket" time="8.183"/>
  <testcase classname="automationassignment.TestCase1" name="step3_AddItemsToBasket" time="7.243">
    <failure type="org.openqa.selenium.NoSuchElementException" message="Unable to locate element: //button[@class=&amp;apos;basket__order-button cartbutton-button&amp;apos;]
For documentation on this error, please visit: https://www.seleniumhq.org/exceptions/no_such_element.html
Build info: version: &amp;apos;3.141.59&amp;apos;, revision: &amp;apos;e82be7d358&amp;apos;, time: &amp;apos;2018-11-14T08:17:03&amp;apos;
System info: host: &amp;apos;MWLTPF1MEAFD&amp;apos;, ip: &amp;apos;8.11.8.108&amp;apos;, os.name: &amp;apos;Windows 10&amp;apos;, os.arch: &amp;apos;amd64&amp;apos;, os.version: &amp;apos;10.0&amp;apos;, java.version: &amp;apos;12.0.1&amp;apos;
Driver info: org.openqa.selenium.firefox.FirefoxDriver
Capabilities {acceptInsecureCerts: true, browserName: firefox, browserVersion: 69.0.1, javascriptEnabled: true, moz:accessibilityChecks: false, moz:buildID: 20190917135527, moz:geckodriverVersion: 0.25.0, moz:headless: false, moz:processID: 18348, moz:profile: C:\Users\shauncr\AppData\Lo..., moz:shutdownTimeout: 60000, moz:useNonSpecCompliantPointerOrigin: false, moz:webdriverClick: true, pageLoadStrategy: normal, platform: WINDOWS, platformName: WINDOWS, platformVersion: 10.0, rotatable: false, setWindowRect: true, strictFileInteractability: false, timeouts: {implicit: 0, pageLoad: 300000, script: 30000}, unhandledPromptBehavior: dismiss and notify}
Session ID: 3de6cfe6-40dd-4027-907b-03c091206f6b
*** Element info: {Using=xpath, value=//button[@class=&amp;apos;basket__order-button cartbutton-button&amp;apos;]}">
      <![CDATA[org.openqa.selenium.NoSuchElementException: Unable to locate element: //button[@class='basket__order-button cartbutton-button']
For documentation on this error, please visit: https://www.seleniumhq.org/exceptions/no_such_element.html
Build info: version: '3.141.59', revision: 'e82be7d358', time: '2018-11-14T08:17:03'
System info: host: 'MWLTPF1MEAFD', ip: '8.11.8.108', os.name: 'Windows 10', os.arch: 'amd64', os.version: '10.0', java.version: '12.0.1'
Driver info: org.openqa.selenium.firefox.FirefoxDriver
Capabilities {acceptInsecureCerts: true, browserName: firefox, browserVersion: 69.0.1, javascriptEnabled: true, moz:accessibilityChecks: false, moz:buildID: 20190917135527, moz:geckodriverVersion: 0.25.0, moz:headless: false, moz:processID: 18348, moz:profile: C:\Users\shauncr\AppData\Lo..., moz:shutdownTimeout: 60000, moz:useNonSpecCompliantPointerOrigin: false, moz:webdriverClick: true, pageLoadStrategy: normal, platform: WINDOWS, platformName: WINDOWS, platformVersion: 10.0, rotatable: false, setWindowRect: true, strictFileInteractability: false, timeouts: {implicit: 0, pageLoad: 300000, script: 30000}, unhandledPromptBehavior: dismiss and notify}
Session ID: 3de6cfe6-40dd-4027-907b-03c091206f6b
*** Element info: {Using=xpath, value=//button[@class='basket__order-button cartbutton-button']}
at org.openqa.selenium.remote.http.W3CHttpResponseCodec.createException(W3CHttpResponseCodec.java:187)
at org.openqa.selenium.remote.http.W3CHttpResponseCodec.decode(W3CHttpResponseCodec.java:122)
at org.openqa.selenium.remote.http.W3CHttpResponseCodec.decode(W3CHttpResponseCodec.java:49)
at org.openqa.selenium.remote.HttpCommandExecutor.execute(HttpCommandExecutor.java:158)
at org.openqa.selenium.remote.service.DriverCommandExecutor.execute(DriverCommandExecutor.java:83)
at org.openqa.selenium.remote.RemoteWebDriver.execute(RemoteWebDriver.java:552)
at org.openqa.selenium.remote.RemoteWebDriver.findElement(RemoteWebDriver.java:323)
at org.openqa.selenium.remote.RemoteWebDriver.findElementByXPath(RemoteWebDriver.java:428)
at org.openqa.selenium.By$ByXPath.findElement(By.java:353)
at org.openqa.selenium.remote.RemoteWebDriver.findElement(RemoteWebDriver.java:315)
at org.openqa.selenium.support.pagefactory.DefaultElementLocator.findElement(DefaultElementLocator.java:69)
at org.openqa.selenium.support.pagefactory.internal.LocatingElementHandler.invoke(LocatingElementHandler.java:38)
at com.sun.proxy.$Proxy12.click(Unknown Source)
at pages.PageRestaurantMenu.clickOrderButton(PageRestaurantMenu.java:32)
at automationassignment.TestCase1.step3_AddItemsToBasket(TestCase1.java:35)
at java.base/java.util.concurrent.ThreadPoolExecutor.runWorker(ThreadPoolExecutor.java:1128)
at java.base/java.util.concurrent.ThreadPoolExecutor$Worker.run(ThreadPoolExecutor.java:628)
at java.base/java.lang.Thread.run(Thread.java:835)
... Removed 17 stack frames]]>
    </failure>
  </testcase> <!-- step3_AddItemsToBasket -->
  <testcase classname="automationassignment.TestCase1" name="step4_CaptureDetailsForDelivery" time="0.0">
    <skipped/>
  </testcase> <!-- step4_CaptureDetailsForDelivery -->
  <testcase classname="automationassignment.TestCase1" name="step5_ReceiveOrderReference" time="0.0">
    <skipped/>
  </testcase> <!-- step5_ReceiveOrderReference -->
  <testcase classname="automationassignment.TestCase1Bonus" name="step4_CaptureDetailsForDelivery" time="14.267"/>
  <testcase classname="automationassignment.TestCase1Bonus" name="step5_ReceiveOrderReference" time="6.113">
    <failure type="java.lang.AssertionError" message="Pages.pageThankYouForYourOrder().isAt() - Page not found ! did not expect to find [true] but found [false]">
      <![CDATA[java.lang.AssertionError: Pages.pageThankYouForYourOrder().isAt() - Page not found ! did not expect to find [true] but found [false]
at automationassignment.TestCase1Bonus.step5_ReceiveOrderReference(TestCase1Bonus.java:54)
at java.base/java.util.concurrent.ThreadPoolExecutor.runWorker(ThreadPoolExecutor.java:1128)
at java.base/java.util.concurrent.ThreadPoolExecutor$Worker.run(ThreadPoolExecutor.java:628)
at java.base/java.lang.Thread.run(Thread.java:835)
... Removed 15 stack frames]]>
    </failure>
  </testcase> <!-- step5_ReceiveOrderReference -->
</testsuite> <!-- TestCases -->
