<?xml version="1.0" encoding="UTF-8"?>
<!-- Generated by org.testng.reporters.JUnitXMLReporter -->
<testsuite ignored="0" hostname="MWLTPF1MEAFD" failures="2" tests="10" name="TestCase2" time="17.219" errors="0" timestamp="2019-10-06T11:17:24 SAST">
  <testcase classname="automationassignment.TestCase2" name="step1_EnterAddress" time="9.075"/>
  <testcase classname="automationassignment.TestCase2Bonus" name="step1_EnterAddress" time="6.179">
    <failure type="java.lang.StringIndexOutOfBoundsException" message="String index out of range: -11">
      <![CDATA[java.lang.StringIndexOutOfBoundsException: String index out of range: -11
at java.base/java.lang.String.substring(String.java:1850)
at utility.GeneralSelects.selectItemFromWebElementlist(GeneralSelects.java:26)
at pages.PageTimeToOrderFood.selectSuggestedAddressFromList(PageTimeToOrderFood.java:43)
at pages.PageTimeToOrderFood.enterAddress(PageTimeToOrderFood.java:33)
at automationassignment.TestCase2Bonus.step1_EnterAddress(TestCase2Bonus.java:45)
at java.base/java.util.concurrent.ThreadPoolExecutor.runWorker(ThreadPoolExecutor.java:1128)
at java.base/java.util.concurrent.ThreadPoolExecutor$Worker.run(ThreadPoolExecutor.java:628)
at java.base/java.lang.Thread.run(Thread.java:835)
... Removed 12 stack frames]]>
    </failure>
  </testcase> <!-- step1_EnterAddress -->
  <testcase classname="automationassignment.TestCase2Bonus" name="step2_SearchForRestaurantsNearAddress" time="0.0">
    <skipped/>
  </testcase> <!-- step2_SearchForRestaurantsNearAddress -->
  <testcase classname="automationassignment.TestCase2Bonus" name="step3_AddItemsToBasket" time="0.0">
    <skipped/>
  </testcase> <!-- step3_AddItemsToBasket -->
  <testcase classname="automationassignment.TestCase2Bonus" name="step4_CaptureDetailsForDelivery" time="0.0">
    <skipped/>
  </testcase> <!-- step4_CaptureDetailsForDelivery -->
  <testcase classname="automationassignment.TestCase2Bonus" name="step5_ReceiveOrderReference" time="0.0">
    <skipped/>
  </testcase> <!-- step5_ReceiveOrderReference -->
  <testcase classname="automationassignment.TestCase2" name="step2_SearchForRestaurantsNearAddress" time="4.01">
    <failure type="org.openqa.selenium.NoSuchSessionException" message="Tried to run command without establishing a connection
Build info: version: &amp;apos;3.141.59&amp;apos;, revision: &amp;apos;e82be7d358&amp;apos;, time: &amp;apos;2018-11-14T08:17:03&amp;apos;
System info: host: &amp;apos;MWLTPF1MEAFD&amp;apos;, ip: &amp;apos;8.11.8.108&amp;apos;, os.name: &amp;apos;Windows 10&amp;apos;, os.arch: &amp;apos;amd64&amp;apos;, os.version: &amp;apos;10.0&amp;apos;, java.version: &amp;apos;12.0.1&amp;apos;
Driver info: org.openqa.selenium.firefox.FirefoxDriver
Capabilities {acceptInsecureCerts: true, browserName: firefox, browserVersion: 69.0.1, javascriptEnabled: true, moz:accessibilityChecks: false, moz:buildID: 20190917135527, moz:geckodriverVersion: 0.25.0, moz:headless: false, moz:processID: 26488, moz:profile: C:\Users\shauncr\AppData\Lo..., moz:shutdownTimeout: 60000, moz:useNonSpecCompliantPointerOrigin: false, moz:webdriverClick: true, pageLoadStrategy: normal, platform: WINDOWS, platformName: WINDOWS, platformVersion: 10.0, rotatable: false, setWindowRect: true, strictFileInteractability: false, timeouts: {implicit: 0, pageLoad: 300000, script: 30000}, unhandledPromptBehavior: dismiss and notify}
Session ID: 982ff621-be2e-4c6d-b4cc-0e94dac05ae9
*** Element info: {Using=xpath, value=//body[@class=&amp;apos;step2 is-restaurant-list welcome&amp;apos;]}">
      <![CDATA[org.openqa.selenium.NoSuchSessionException: Tried to run command without establishing a connection
Build info: version: '3.141.59', revision: 'e82be7d358', time: '2018-11-14T08:17:03'
System info: host: 'MWLTPF1MEAFD', ip: '8.11.8.108', os.name: 'Windows 10', os.arch: 'amd64', os.version: '10.0', java.version: '12.0.1'
Driver info: org.openqa.selenium.firefox.FirefoxDriver
Capabilities {acceptInsecureCerts: true, browserName: firefox, browserVersion: 69.0.1, javascriptEnabled: true, moz:accessibilityChecks: false, moz:buildID: 20190917135527, moz:geckodriverVersion: 0.25.0, moz:headless: false, moz:processID: 26488, moz:profile: C:\Users\shauncr\AppData\Lo..., moz:shutdownTimeout: 60000, moz:useNonSpecCompliantPointerOrigin: false, moz:webdriverClick: true, pageLoadStrategy: normal, platform: WINDOWS, platformName: WINDOWS, platformVersion: 10.0, rotatable: false, setWindowRect: true, strictFileInteractability: false, timeouts: {implicit: 0, pageLoad: 300000, script: 30000}, unhandledPromptBehavior: dismiss and notify}
Session ID: 982ff621-be2e-4c6d-b4cc-0e94dac05ae9
*** Element info: {Using=xpath, value=//body[@class='step2 is-restaurant-list welcome']}
at org.openqa.selenium.remote.http.W3CHttpResponseCodec.createException(W3CHttpResponseCodec.java:187)
at org.openqa.selenium.remote.http.W3CHttpResponseCodec.decode(W3CHttpResponseCodec.java:122)
at org.openqa.selenium.remote.http.W3CHttpResponseCodec.decode(W3CHttpResponseCodec.java:49)
at org.openqa.selenium.remote.HttpCommandExecutor.execute(HttpCommandExecutor.java:158)
at org.openqa.selenium.remote.service.DriverCommandExecutor.execute(DriverCommandExecutor.java:83)
at org.openqa.selenium.remote.RemoteWebDriver.execute(RemoteWebDriver.java:552)
at org.openqa.selenium.remote.RemoteWebDriver.findElement(RemoteWebDriver.java:323)
at org.openqa.selenium.remote.RemoteWebDriver.findElementByXPath(RemoteWebDriver.java:428)
at org.openqa.selenium.By$ByXPath.findElement(By.java:353)
at org.openqa.selenium.remote.RemoteWebDriver.findElement(RemoteWebDriver.java:315)
at org.openqa.selenium.support.pagefactory.DefaultElementLocator.findElement(DefaultElementLocator.java:69)
at org.openqa.selenium.support.pagefactory.internal.LocatingElementHandler.invoke(LocatingElementHandler.java:38)
at com.sun.proxy.$Proxy13.toString(Unknown Source)
at java.base/java.lang.String.valueOf(String.java:3042)
at java.base/java.lang.StringBuilder.append(StringBuilder.java:168)
at utility.GeneralChecks.isWebElementDisplayed(GeneralChecks.java:19)
at pages.PageDisplayRestaurants.isAt(PageDisplayRestaurants.java:26)
at automationassignment.TestCase2.step2_SearchForRestaurantsNearAddress(TestCase2.java:52)
at java.base/java.util.concurrent.ThreadPoolExecutor.runWorker(ThreadPoolExecutor.java:1128)
at java.base/java.util.concurrent.ThreadPoolExecutor$Worker.run(ThreadPoolExecutor.java:628)
at java.base/java.lang.Thread.run(Thread.java:835)
... Removed 17 stack frames]]>
    </failure>
  </testcase> <!-- step2_SearchForRestaurantsNearAddress -->
  <testcase classname="automationassignment.TestCase2" name="step3_AddItemsToBasket" time="0.0">
    <skipped/>
  </testcase> <!-- step3_AddItemsToBasket -->
  <testcase classname="automationassignment.TestCase2" name="step4_CaptureDetailsForDelivery" time="0.0">
    <skipped/>
  </testcase> <!-- step4_CaptureDetailsForDelivery -->
  <testcase classname="automationassignment.TestCase2" name="step5_ReceiveOrderReference" time="0.0">
    <skipped/>
  </testcase> <!-- step5_ReceiveOrderReference -->
</testsuite> <!-- TestCase2 -->
