<!DOCTYPE html PUBLIC "-//W3C//DTD XHTML 1.1//EN" "http://www.w3.org/TR/xhtml11/DTD/xhtml11.dtd">
<html xmlns="http://www.w3.org/1999/xhtml">
<head>
<meta http-equiv="content-type" content="text/html; charset=UTF-8"/>
<title>TestNG Report</title>
<style type="text/css">table {margin-bottom:10px;border-collapse:collapse;empty-cells:show}th,td {border:1px solid #009;padding:.25em .5em}th {vertical-align:bottom}td {vertical-align:top}table a {font-weight:bold}.stripe td {background-color: #E6EBF9}.num {text-align:right}.passedodd td {background-color: #3F3}.passedeven td {background-color: #0A0}.skippedodd td {background-color: #DDD}.skippedeven td {background-color: #CCC}.failedodd td,.attn {background-color: #F33}.failedeven td,.stripe .attn {background-color: #D00}.stacktrace {white-space:pre;font-family:monospace}.totop {font-size:85%;text-align:center;border-bottom:2px solid #000}.invisible {display:none}</style>
</head>
<body>
<table>
<tr><th>Test</th><th># Passed</th><th># Skipped</th><th># Retried</th><th># Failed</th><th>Time (ms)</th><th>Included Groups</th><th>Excluded Groups</th></tr>
<tr><th colspan="7">TestSuite1</th></tr>
<tr><td><a href="#t0">TestCases1</a></td><td class="num">5</td><td class="num attn">3</td><td class="num">0</td><td class="num attn">2</td><td class="num">41,794</td><td></td><td></td></tr>
<tr class="stripe"><td><a href="#t1">TestCase2</a></td><td class="num">1</td><td class="num attn">7</td><td class="num">0</td><td class="num attn">2</td><td class="num">17,219</td><td></td><td></td></tr>
<tr><th>Total</th><th class="num">6</th><th class="num attn">10</th><th class="num">0</th><th class="num attn">4</th><th class="num">59,013</th><th colspan="2"></th></tr>
</table>
<table id='summary'><thead><tr><th>Class</th><th>Method</th><th>Start</th><th>Time (ms)</th></tr></thead><tbody><tr><th colspan="4">TestSuite1</th></tr></tbody><tbody id="t0"><tr><th colspan="4">TestCases1 &#8212; failed</th></tr><tr class="failedeven"><td rowspan="1">automationassignment.TestCase1</td><td><a href="#m0">step4_CaptureDetailsForDelivery</a></td><td rowspan="1">1570353423554</td><td rowspan="1">4013</td></tr><tr class="failedodd"><td rowspan="1">automationassignment.TestCase1Bonus</td><td><a href="#m1">step3_AddItemsToBasket</a></td><td rowspan="1">1570353415638</td><td rowspan="1">7935</td></tr><tr><th colspan="4">TestCases1 &#8212; skipped</th></tr><tr class="skippedeven"><td rowspan="1">automationassignment.TestCase1</td><td><a href="#m2">step5_ReceiveOrderReference</a></td><td rowspan="1">1570353427570</td><td rowspan="1">0</td></tr><tr class="skippedodd"><td rowspan="2">automationassignment.TestCase1Bonus</td><td><a href="#m3">step4_CaptureDetailsForDelivery</a></td><td rowspan="1">1570353423582</td><td rowspan="1">0</td></tr><tr class="skippedodd"><td><a href="#m4">step5_ReceiveOrderReference</a></td><td rowspan="1">1570353423584</td><td rowspan="1">0</td></tr><tr><th colspan="4">TestCases1 &#8212; passed</th></tr><tr class="passedeven"><td rowspan="3">automationassignment.TestCase1</td><td><a href="#m5">step1_EnterAddress</a></td><td rowspan="1">1570353394051</td><td rowspan="1">8470</td></tr><tr class="passedeven"><td><a href="#m6">step2_SearchForRestaurantsNearAddress</a></td><td rowspan="1">1570353402526</td><td rowspan="1">13038</td></tr><tr class="passedeven"><td><a href="#m7">step3_AddItemsToBasket</a></td><td rowspan="1">1570353415567</td><td rowspan="1">7985</td></tr><tr class="passedodd"><td rowspan="2">automationassignment.TestCase1Bonus</td><td><a href="#m8">step1_EnterAddress</a></td><td rowspan="1">1570353394916</td><td rowspan="1">8320</td></tr><tr class="passedodd"><td><a href="#m9">step2_SearchForRestaurantsNearAddress</a></td><td rowspan="1">1570353403238</td><td rowspan="1">12397</td></tr></tbody>
<tbody id="t1"><tr><th colspan="4">TestCase2 &#8212; failed</th></tr><tr class="failedeven"><td rowspan="1">automationassignment.TestCase2</td><td><a href="#m10">step2_SearchForRestaurantsNearAddress</a></td><td rowspan="1">1570353440831</td><td rowspan="1">4010</td></tr><tr class="failedodd"><td rowspan="1">automationassignment.TestCase2Bonus</td><td><a href="#m11">step1_EnterAddress</a></td><td rowspan="1">1570353436376</td><td rowspan="1">6179</td></tr><tr><th colspan="4">TestCase2 &#8212; skipped</th></tr><tr class="skippedeven"><td rowspan="3">automationassignment.TestCase2</td><td><a href="#m12">step3_AddItemsToBasket</a></td><td rowspan="1">1570353444843</td><td rowspan="1">0</td></tr><tr class="skippedeven"><td><a href="#m13">step4_CaptureDetailsForDelivery</a></td><td rowspan="1">1570353444844</td><td rowspan="1">0</td></tr><tr class="skippedeven"><td><a href="#m14">step5_ReceiveOrderReference</a></td><td rowspan="1">1570353444844</td><td rowspan="1">0</td></tr><tr class="skippedodd"><td rowspan="4">automationassignment.TestCase2Bonus</td><td><a href="#m15">step2_SearchForRestaurantsNearAddress</a></td><td rowspan="1">1570353442557</td><td rowspan="1">0</td></tr><tr class="skippedodd"><td><a href="#m16">step3_AddItemsToBasket</a></td><td rowspan="1">1570353442559</td><td rowspan="1">0</td></tr><tr class="skippedodd"><td><a href="#m17">step4_CaptureDetailsForDelivery</a></td><td rowspan="1">1570353442562</td><td rowspan="1">0</td></tr><tr class="skippedodd"><td><a href="#m18">step5_ReceiveOrderReference</a></td><td rowspan="1">1570353442564</td><td rowspan="1">0</td></tr><tr><th colspan="4">TestCase2 &#8212; passed</th></tr><tr class="passedeven"><td rowspan="1">automationassignment.TestCase2</td><td><a href="#m19">step1_EnterAddress</a></td><td rowspan="1">1570353431698</td><td rowspan="1">9075</td></tr></tbody>
</table>
<h2>TestCases1</h2><h3 id="m0">automationassignment.TestCase1#step4_CaptureDetailsForDelivery</h3><table class="result"><tr><th>Exception</th></tr><tr><td><div class="stacktrace">org.openqa.selenium.NoSuchSessionException: Tried to run command without establishing a connection
Build info: version: &apos;3.141.59&apos;, revision: &apos;e82be7d358&apos;, time: &apos;2018-11-14T08:17:03&apos;
System info: host: &apos;MWLTPF1MEAFD&apos;, ip: &apos;8.11.8.108&apos;, os.name: &apos;Windows 10&apos;, os.arch: &apos;amd64&apos;, os.version: &apos;10.0&apos;, java.version: &apos;12.0.1&apos;
Driver info: org.openqa.selenium.firefox.FirefoxDriver
Capabilities {acceptInsecureCerts: true, browserName: firefox, browserVersion: 69.0.1, javascriptEnabled: true, moz:accessibilityChecks: false, moz:buildID: 20190917135527, moz:geckodriverVersion: 0.25.0, moz:headless: false, moz:processID: 11772, moz:profile: C:\Users\shauncr\AppData\Lo..., moz:shutdownTimeout: 60000, moz:useNonSpecCompliantPointerOrigin: false, moz:webdriverClick: true, pageLoadStrategy: normal, platform: WINDOWS, platformName: WINDOWS, platformVersion: 10.0, rotatable: false, setWindowRect: true, strictFileInteractability: false, timeouts: {implicit: 0, pageLoad: 300000, script: 30000}, unhandledPromptBehavior: dismiss and notify}
Session ID: a5c85d07-ccaa-44a5-b370-a0ed5d691f72
*** Element info: {Using=xpath, value=//h1[contains(.,&apos;Ready to eat?&apos;)]}
	at org.openqa.selenium.remote.http.W3CHttpResponseCodec.createException(W3CHttpResponseCodec.java:187)
	at org.openqa.selenium.remote.http.W3CHttpResponseCodec.decode(W3CHttpResponseCodec.java:122)
	at org.openqa.selenium.remote.http.W3CHttpResponseCodec.decode(W3CHttpResponseCodec.java:49)
	at org.openqa.selenium.remote.HttpCommandExecutor.execute(HttpCommandExecutor.java:158)
	at org.openqa.selenium.remote.service.DriverCommandExecutor.execute(DriverCommandExecutor.java:83)
	at org.openqa.selenium.remote.RemoteWebDriver.execute(RemoteWebDriver.java:552)
	at org.openqa.selenium.remote.RemoteWebDriver.findElement(RemoteWebDriver.java:323)
	at org.openqa.selenium.remote.RemoteWebDriver.findElementByXPath(RemoteWebDriver.java:428)
	at org.openqa.selenium.By$ByXPath.findElement(By.java:353)
	at org.openqa.selenium.remote.RemoteWebDriver.findElement(RemoteWebDriver.java:315)
	at org.openqa.selenium.support.pagefactory.DefaultElementLocator.findElement(DefaultElementLocator.java:69)
	at org.openqa.selenium.support.pagefactory.internal.LocatingElementHandler.invoke(LocatingElementHandler.java:38)
	at com.sun.proxy.$Proxy13.toString(Unknown Source)
	at java.base/java.lang.String.valueOf(String.java:3042)
	at java.base/java.lang.StringBuilder.append(StringBuilder.java:168)
	at utility.GeneralChecks.isWebElementDisplayed(GeneralChecks.java:19)
	at pages.PageCheckout.isAt(PageCheckout.java:56)
	at automationassignment.TestCase1.step4_CaptureDetailsForDelivery(TestCase1.java:42)
	at java.base/java.util.concurrent.ThreadPoolExecutor.runWorker(ThreadPoolExecutor.java:1128)
	at java.base/java.util.concurrent.ThreadPoolExecutor$Worker.run(ThreadPoolExecutor.java:628)
	at java.base/java.lang.Thread.run(Thread.java:835)
... Removed 17 stack frames</div></td></tr></table><p class="totop"><a href="#summary">back to summary</a></p>
<h3 id="m1">automationassignment.TestCase1Bonus#step3_AddItemsToBasket</h3><table class="result"><tr><th>Exception</th></tr><tr><td><div class="stacktrace">java.lang.IndexOutOfBoundsException: Index 1 out of bounds for length 0
	at java.base/jdk.internal.util.Preconditions.outOfBounds(Preconditions.java:64)
	at java.base/jdk.internal.util.Preconditions.outOfBoundsCheckIndex(Preconditions.java:70)
	at java.base/jdk.internal.util.Preconditions.checkIndex(Preconditions.java:248)
	at java.base/java.util.Objects.checkIndex(Objects.java:372)
	at java.base/java.util.ArrayList.get(ArrayList.java:458)
	at org.openqa.selenium.support.pagefactory.internal.LocatingElementListHandler.invoke(LocatingElementListHandler.java:39)
	at com.sun.proxy.$Proxy14.get(Unknown Source)
	at utility.GeneralSelects.selectItemFromWebElementlist(GeneralSelects.java:14)
	at pages.PageRestaurantMenu.addDishToBasket(PageRestaurantMenu.java:28)
	at automationassignment.TestCase1Bonus.step3_AddItemsToBasket(TestCase1Bonus.java:36)
	at java.base/java.util.concurrent.ThreadPoolExecutor.runWorker(ThreadPoolExecutor.java:1128)
	at java.base/java.util.concurrent.ThreadPoolExecutor$Worker.run(ThreadPoolExecutor.java:628)
	at java.base/java.lang.Thread.run(Thread.java:835)
... Removed 16 stack frames</div></td></tr></table><p class="totop"><a href="#summary">back to summary</a></p>
<h3 id="m2">automationassignment.TestCase1#step5_ReceiveOrderReference</h3><table class="result"><tr><th>Exception</th></tr><tr><td><div class="stacktrace">java.lang.Throwable: Method TestCase1.step5_ReceiveOrderReference()[pri:0, instance:automationassignment.TestCase1@6b4a4e18] depends on not successfully finished methods
	at java.base/java.util.concurrent.ThreadPoolExecutor.runWorker(ThreadPoolExecutor.java:1128)
	at java.base/java.util.concurrent.ThreadPoolExecutor$Worker.run(ThreadPoolExecutor.java:628)
	at java.base/java.lang.Thread.run(Thread.java:835)
... Removed 3 stack frames</div></td></tr></table><p class="totop"><a href="#summary">back to summary</a></p>
<h3 id="m3">automationassignment.TestCase1Bonus#step4_CaptureDetailsForDelivery</h3><table class="result"><tr><th>Exception</th></tr><tr><td><div class="stacktrace">java.lang.Throwable: Method TestCase1Bonus.step4_CaptureDetailsForDelivery()[pri:0, instance:automationassignment.TestCase1Bonus@27c86f2d] depends on not successfully finished methods
	at java.base/java.util.concurrent.ThreadPoolExecutor.runWorker(ThreadPoolExecutor.java:1128)
	at java.base/java.util.concurrent.ThreadPoolExecutor$Worker.run(ThreadPoolExecutor.java:628)
	at java.base/java.lang.Thread.run(Thread.java:835)
... Removed 3 stack frames</div></td></tr></table><p class="totop"><a href="#summary">back to summary</a></p>
<h3 id="m4">automationassignment.TestCase1Bonus#step5_ReceiveOrderReference</h3><table class="result"><tr><th>Exception</th></tr><tr><td><div class="stacktrace">java.lang.Throwable: Method TestCase1Bonus.step5_ReceiveOrderReference()[pri:0, instance:automationassignment.TestCase1Bonus@27c86f2d] depends on not successfully finished methods
	at java.base/java.util.concurrent.ThreadPoolExecutor.runWorker(ThreadPoolExecutor.java:1128)
	at java.base/java.util.concurrent.ThreadPoolExecutor$Worker.run(ThreadPoolExecutor.java:628)
	at java.base/java.lang.Thread.run(Thread.java:835)
... Removed 3 stack frames</div></td></tr></table><p class="totop"><a href="#summary">back to summary</a></p>
<h3 id="m5">automationassignment.TestCase1#step1_EnterAddress</h3><table class="result"><tr><th class="invisible"/></tr></table><p class="totop"><a href="#summary">back to summary</a></p>
<h3 id="m6">automationassignment.TestCase1#step2_SearchForRestaurantsNearAddress</h3><table class="result"><tr><th class="invisible"/></tr></table><p class="totop"><a href="#summary">back to summary</a></p>
<h3 id="m7">automationassignment.TestCase1#step3_AddItemsToBasket</h3><table class="result"><tr><th class="invisible"/></tr></table><p class="totop"><a href="#summary">back to summary</a></p>
<h3 id="m8">automationassignment.TestCase1Bonus#step1_EnterAddress</h3><table class="result"><tr><th class="invisible"/></tr></table><p class="totop"><a href="#summary">back to summary</a></p>
<h3 id="m9">automationassignment.TestCase1Bonus#step2_SearchForRestaurantsNearAddress</h3><table class="result"><tr><th class="invisible"/></tr></table><p class="totop"><a href="#summary">back to summary</a></p>
<h2>TestCase2</h2><h3 id="m10">automationassignment.TestCase2#step2_SearchForRestaurantsNearAddress</h3><table class="result"><tr class="param"><th>Parameter #1</th></tr><tr class="param stripe"><td>QA Restaurant Selenium</td></tr><tr><th>Exception</th></tr><tr><td><div class="stacktrace">org.openqa.selenium.NoSuchSessionException: Tried to run command without establishing a connection
Build info: version: &apos;3.141.59&apos;, revision: &apos;e82be7d358&apos;, time: &apos;2018-11-14T08:17:03&apos;
System info: host: &apos;MWLTPF1MEAFD&apos;, ip: &apos;8.11.8.108&apos;, os.name: &apos;Windows 10&apos;, os.arch: &apos;amd64&apos;, os.version: &apos;10.0&apos;, java.version: &apos;12.0.1&apos;
Driver info: org.openqa.selenium.firefox.FirefoxDriver
Capabilities {acceptInsecureCerts: true, browserName: firefox, browserVersion: 69.0.1, javascriptEnabled: true, moz:accessibilityChecks: false, moz:buildID: 20190917135527, moz:geckodriverVersion: 0.25.0, moz:headless: false, moz:processID: 26488, moz:profile: C:\Users\shauncr\AppData\Lo..., moz:shutdownTimeout: 60000, moz:useNonSpecCompliantPointerOrigin: false, moz:webdriverClick: true, pageLoadStrategy: normal, platform: WINDOWS, platformName: WINDOWS, platformVersion: 10.0, rotatable: false, setWindowRect: true, strictFileInteractability: false, timeouts: {implicit: 0, pageLoad: 300000, script: 30000}, unhandledPromptBehavior: dismiss and notify}
Session ID: 982ff621-be2e-4c6d-b4cc-0e94dac05ae9
*** Element info: {Using=xpath, value=//body[@class=&apos;step2 is-restaurant-list welcome&apos;]}
	at org.openqa.selenium.remote.http.W3CHttpResponseCodec.createException(W3CHttpResponseCodec.java:187)
	at org.openqa.selenium.remote.http.W3CHttpResponseCodec.decode(W3CHttpResponseCodec.java:122)
	at org.openqa.selenium.remote.http.W3CHttpResponseCodec.decode(W3CHttpResponseCodec.java:49)
	at org.openqa.selenium.remote.HttpCommandExecutor.execute(HttpCommandExecutor.java:158)
	at org.openqa.selenium.remote.service.DriverCommandExecutor.execute(DriverCommandExecutor.java:83)
	at org.openqa.selenium.remote.RemoteWebDriver.execute(RemoteWebDriver.java:552)
	at org.openqa.selenium.remote.RemoteWebDriver.findElement(RemoteWebDriver.java:323)
	at org.openqa.selenium.remote.RemoteWebDriver.findElementByXPath(RemoteWebDriver.java:428)
	at org.openqa.selenium.By$ByXPath.findElement(By.java:353)
	at org.openqa.selenium.remote.RemoteWebDriver.findElement(RemoteWebDriver.java:315)
	at org.openqa.selenium.support.pagefactory.DefaultElementLocator.findElement(DefaultElementLocator.java:69)
	at org.openqa.selenium.support.pagefactory.internal.LocatingElementHandler.invoke(LocatingElementHandler.java:38)
	at com.sun.proxy.$Proxy13.toString(Unknown Source)
	at java.base/java.lang.String.valueOf(String.java:3042)
	at java.base/java.lang.StringBuilder.append(StringBuilder.java:168)
	at utility.GeneralChecks.isWebElementDisplayed(GeneralChecks.java:19)
	at pages.PageDisplayRestaurants.isAt(PageDisplayRestaurants.java:26)
	at automationassignment.TestCase2.step2_SearchForRestaurantsNearAddress(TestCase2.java:52)
	at java.base/java.util.concurrent.ThreadPoolExecutor.runWorker(ThreadPoolExecutor.java:1128)
	at java.base/java.util.concurrent.ThreadPoolExecutor$Worker.run(ThreadPoolExecutor.java:628)
	at java.base/java.lang.Thread.run(Thread.java:835)
... Removed 17 stack frames</div></td></tr></table><p class="totop"><a href="#summary">back to summary</a></p>
<h3 id="m11">automationassignment.TestCase2Bonus#step1_EnterAddress</h3><table class="result"><tr class="param"><th>Parameter #1</th><th>Parameter #2</th></tr><tr class="param stripe"><td>8888</td><td>8888 Alpha</td></tr><tr><th colspan="2">Exception</th></tr><tr><td colspan="2"><div class="stacktrace">java.lang.StringIndexOutOfBoundsException: String index out of range: -11
	at java.base/java.lang.String.substring(String.java:1850)
	at utility.GeneralSelects.selectItemFromWebElementlist(GeneralSelects.java:26)
	at pages.PageTimeToOrderFood.selectSuggestedAddressFromList(PageTimeToOrderFood.java:43)
	at pages.PageTimeToOrderFood.enterAddress(PageTimeToOrderFood.java:33)
	at automationassignment.TestCase2Bonus.step1_EnterAddress(TestCase2Bonus.java:45)
	at java.base/java.util.concurrent.ThreadPoolExecutor.runWorker(ThreadPoolExecutor.java:1128)
	at java.base/java.util.concurrent.ThreadPoolExecutor$Worker.run(ThreadPoolExecutor.java:628)
	at java.base/java.lang.Thread.run(Thread.java:835)
... Removed 12 stack frames</div></td></tr></table><p class="totop"><a href="#summary">back to summary</a></p>
<h3 id="m12">automationassignment.TestCase2#step3_AddItemsToBasket</h3><table class="result"><tr><th>Exception</th></tr><tr><td><div class="stacktrace">java.lang.Throwable: Method TestCase2.step3_AddItemsToBasket(java.lang.String)[pri:0, instance:automationassignment.TestCase2@6ce139a4] depends on not successfully finished methods
	at java.base/java.util.concurrent.ThreadPoolExecutor.runWorker(ThreadPoolExecutor.java:1128)
	at java.base/java.util.concurrent.ThreadPoolExecutor$Worker.run(ThreadPoolExecutor.java:628)
	at java.base/java.lang.Thread.run(Thread.java:835)
... Removed 3 stack frames</div></td></tr></table><p class="totop"><a href="#summary">back to summary</a></p>
<h3 id="m13">automationassignment.TestCase2#step4_CaptureDetailsForDelivery</h3><table class="result"><tr><th>Exception</th></tr><tr><td><div class="stacktrace">java.lang.Throwable: Method TestCase2.step4_CaptureDetailsForDelivery(java.lang.String, java.lang.String, java.lang.String, java.lang.String, java.lang.String, java.lang.String, java.lang.String)[pri:0, instance:automationassignment.TestCase2@6ce139a4] depends on not successfully finished methods
	at java.base/java.util.concurrent.ThreadPoolExecutor.runWorker(ThreadPoolExecutor.java:1128)
	at java.base/java.util.concurrent.ThreadPoolExecutor$Worker.run(ThreadPoolExecutor.java:628)
	at java.base/java.lang.Thread.run(Thread.java:835)
... Removed 3 stack frames</div></td></tr></table><p class="totop"><a href="#summary">back to summary</a></p>
<h3 id="m14">automationassignment.TestCase2#step5_ReceiveOrderReference</h3><table class="result"><tr><th>Exception</th></tr><tr><td><div class="stacktrace">java.lang.Throwable: Method TestCase2.step5_ReceiveOrderReference()[pri:0, instance:automationassignment.TestCase2@6ce139a4] depends on not successfully finished methods
	at java.base/java.util.concurrent.ThreadPoolExecutor.runWorker(ThreadPoolExecutor.java:1128)
	at java.base/java.util.concurrent.ThreadPoolExecutor$Worker.run(ThreadPoolExecutor.java:628)
	at java.base/java.lang.Thread.run(Thread.java:835)
... Removed 3 stack frames</div></td></tr></table><p class="totop"><a href="#summary">back to summary</a></p>
<h3 id="m15">automationassignment.TestCase2Bonus#step2_SearchForRestaurantsNearAddress</h3><table class="result"><tr><th>Exception</th></tr><tr><td><div class="stacktrace">java.lang.Throwable: Method TestCase2Bonus.step2_SearchForRestaurantsNearAddress(java.lang.String)[pri:0, instance:automationassignment.TestCase2Bonus@6973bf95] depends on not successfully finished methods
	at java.base/java.util.concurrent.ThreadPoolExecutor.runWorker(ThreadPoolExecutor.java:1128)
	at java.base/java.util.concurrent.ThreadPoolExecutor$Worker.run(ThreadPoolExecutor.java:628)
	at java.base/java.lang.Thread.run(Thread.java:835)
... Removed 3 stack frames</div></td></tr></table><p class="totop"><a href="#summary">back to summary</a></p>
<h3 id="m16">automationassignment.TestCase2Bonus#step3_AddItemsToBasket</h3><table class="result"><tr><th>Exception</th></tr><tr><td><div class="stacktrace">java.lang.Throwable: Method TestCase2Bonus.step3_AddItemsToBasket(java.lang.String)[pri:0, instance:automationassignment.TestCase2Bonus@6973bf95] depends on not successfully finished methods
	at java.base/java.util.concurrent.ThreadPoolExecutor.runWorker(ThreadPoolExecutor.java:1128)
	at java.base/java.util.concurrent.ThreadPoolExecutor$Worker.run(ThreadPoolExecutor.java:628)
	at java.base/java.lang.Thread.run(Thread.java:835)
... Removed 3 stack frames</div></td></tr></table><p class="totop"><a href="#summary">back to summary</a></p>
<h3 id="m17">automationassignment.TestCase2Bonus#step4_CaptureDetailsForDelivery</h3><table class="result"><tr><th>Exception</th></tr><tr><td><div class="stacktrace">java.lang.Throwable: Method TestCase2Bonus.step4_CaptureDetailsForDelivery(java.lang.String, java.lang.String, java.lang.String, java.lang.String, java.lang.String, java.lang.String, java.lang.String)[pri:0, instance:automationassignment.TestCase2Bonus@6973bf95] depends on not successfully finished methods
	at java.base/java.util.concurrent.ThreadPoolExecutor.runWorker(ThreadPoolExecutor.java:1128)
	at java.base/java.util.concurrent.ThreadPoolExecutor$Worker.run(ThreadPoolExecutor.java:628)
	at java.base/java.lang.Thread.run(Thread.java:835)
... Removed 3 stack frames</div></td></tr></table><p class="totop"><a href="#summary">back to summary</a></p>
<h3 id="m18">automationassignment.TestCase2Bonus#step5_ReceiveOrderReference</h3><table class="result"><tr><th>Exception</th></tr><tr><td><div class="stacktrace">java.lang.Throwable: Method TestCase2Bonus.step5_ReceiveOrderReference()[pri:0, instance:automationassignment.TestCase2Bonus@6973bf95] depends on not successfully finished methods
	at java.base/java.util.concurrent.ThreadPoolExecutor.runWorker(ThreadPoolExecutor.java:1128)
	at java.base/java.util.concurrent.ThreadPoolExecutor$Worker.run(ThreadPoolExecutor.java:628)
	at java.base/java.lang.Thread.run(Thread.java:835)
... Removed 3 stack frames</div></td></tr></table><p class="totop"><a href="#summary">back to summary</a></p>
<h3 id="m19">automationassignment.TestCase2#step1_EnterAddress</h3><table class="result"><tr class="param"><th>Parameter #1</th><th>Parameter #2</th></tr><tr class="param stripe"><td>8888</td><td>8888 Alpha</td></tr></table><p class="totop"><a href="#summary">back to summary</a></p>
</body>
</html>
