<?xml version="1.0" encoding="UTF-8"?>
<testng-results ignored="0" total="20" passed="6" failed="4" skipped="10">
  <reporter-output>
  </reporter-output>
  <suite started-at="2019-10-06T11:16:25 SAST" name="TestSuite1" finished-at="2019-10-06T11:17:24 SAST" duration-ms="59066">
    <groups>
    </groups>
    <test started-at="2019-10-06T11:16:25 SAST" name="TestCases1" finished-at="2019-10-06T11:17:07 SAST" duration-ms="41794">
      <class name="automationassignment.TestCase1">
        <test-method is-config="true" signature="openPage()[pri:0, instance:automationassignment.TestCase1@6b4a4e18]" started-at="2019-10-06T11:16:25 SAST" name="openPage" finished-at="2019-10-06T11:16:34 SAST" duration-ms="8242" status="PASS">
          <reporter-output>
          </reporter-output>
        </test-method> <!-- openPage -->
        <test-method signature="step1_EnterAddress()[pri:0, instance:automationassignment.TestCase1@6b4a4e18]" started-at="2019-10-06T11:16:34 SAST" name="step1_EnterAddress" finished-at="2019-10-06T11:16:42 SAST" duration-ms="8470" status="PASS">
          <reporter-output>
          </reporter-output>
        </test-method> <!-- step1_EnterAddress -->
        <test-method signature="step2_SearchForRestaurantsNearAddress()[pri:0, instance:automationassignment.TestCase1@6b4a4e18]" started-at="2019-10-06T11:16:42 SAST" name="step2_SearchForRestaurantsNearAddress" finished-at="2019-10-06T11:16:55 SAST" depends-on-methods="automationassignment.TestCase1.step1_EnterAddress" duration-ms="13038" status="PASS">
          <reporter-output>
          </reporter-output>
        </test-method> <!-- step2_SearchForRestaurantsNearAddress -->
        <test-method signature="step3_AddItemsToBasket()[pri:0, instance:automationassignment.TestCase1@6b4a4e18]" started-at="2019-10-06T11:16:55 SAST" name="step3_AddItemsToBasket" finished-at="2019-10-06T11:17:03 SAST" depends-on-methods="automationassignment.TestCase1.step2_SearchForRestaurantsNearAddress" duration-ms="7985" status="PASS">
          <reporter-output>
          </reporter-output>
        </test-method> <!-- step3_AddItemsToBasket -->
        <test-method signature="step4_CaptureDetailsForDelivery()[pri:0, instance:automationassignment.TestCase1@6b4a4e18]" started-at="2019-10-06T11:17:03 SAST" name="step4_CaptureDetailsForDelivery" finished-at="2019-10-06T11:17:07 SAST" depends-on-methods="automationassignment.TestCase1.step3_AddItemsToBasket" duration-ms="4013" status="FAIL">
          <exception class="org.openqa.selenium.NoSuchSessionException">
            <message>
              <![CDATA[Tried to run command without establishing a connection
Build info: version: '3.141.59', revision: 'e82be7d358', time: '2018-11-14T08:17:03'
System info: host: 'MWLTPF1MEAFD', ip: '8.11.8.108', os.name: 'Windows 10', os.arch: 'amd64', os.version: '10.0', java.version: '12.0.1'
Driver info: org.openqa.selenium.firefox.FirefoxDriver
Capabilities {acceptInsecureCerts: true, browserName: firefox, browserVersion: 69.0.1, javascriptEnabled: true, moz:accessibilityChecks: false, moz:buildID: 20190917135527, moz:geckodriverVersion: 0.25.0, moz:headless: false, moz:processID: 11772, moz:profile: C:\Users\shauncr\AppData\Lo..., moz:shutdownTimeout: 60000, moz:useNonSpecCompliantPointerOrigin: false, moz:webdriverClick: true, pageLoadStrategy: normal, platform: WINDOWS, platformName: WINDOWS, platformVersion: 10.0, rotatable: false, setWindowRect: true, strictFileInteractability: false, timeouts: {implicit: 0, pageLoad: 300000, script: 30000}, unhandledPromptBehavior: dismiss and notify}
Session ID: a5c85d07-ccaa-44a5-b370-a0ed5d691f72
*** Element info: {Using=xpath, value=//h1[contains(.,'Ready to eat?')]}]]>
            </message>
            <full-stacktrace>
              <![CDATA[org.openqa.selenium.NoSuchSessionException: Tried to run command without establishing a connection
Build info: version: '3.141.59', revision: 'e82be7d358', time: '2018-11-14T08:17:03'
System info: host: 'MWLTPF1MEAFD', ip: '8.11.8.108', os.name: 'Windows 10', os.arch: 'amd64', os.version: '10.0', java.version: '12.0.1'
Driver info: org.openqa.selenium.firefox.FirefoxDriver
Capabilities {acceptInsecureCerts: true, browserName: firefox, browserVersion: 69.0.1, javascriptEnabled: true, moz:accessibilityChecks: false, moz:buildID: 20190917135527, moz:geckodriverVersion: 0.25.0, moz:headless: false, moz:processID: 11772, moz:profile: C:\Users\shauncr\AppData\Lo..., moz:shutdownTimeout: 60000, moz:useNonSpecCompliantPointerOrigin: false, moz:webdriverClick: true, pageLoadStrategy: normal, platform: WINDOWS, platformName: WINDOWS, platformVersion: 10.0, rotatable: false, setWindowRect: true, strictFileInteractability: false, timeouts: {implicit: 0, pageLoad: 300000, script: 30000}, unhandledPromptBehavior: dismiss and notify}
Session ID: a5c85d07-ccaa-44a5-b370-a0ed5d691f72
*** Element info: {Using=xpath, value=//h1[contains(.,'Ready to eat?')]}
at java.base/jdk.internal.reflect.NativeConstructorAccessorImpl.newInstance0(Native Method)
at java.base/jdk.internal.reflect.NativeConstructorAccessorImpl.newInstance(NativeConstructorAccessorImpl.java:62)
at java.base/jdk.internal.reflect.DelegatingConstructorAccessorImpl.newInstance(DelegatingConstructorAccessorImpl.java:45)
at java.base/java.lang.reflect.Constructor.newInstanceWithCaller(Constructor.java:500)
at java.base/java.lang.reflect.Constructor.newInstance(Constructor.java:481)
at org.openqa.selenium.remote.http.W3CHttpResponseCodec.createException(W3CHttpResponseCodec.java:187)
at org.openqa.selenium.remote.http.W3CHttpResponseCodec.decode(W3CHttpResponseCodec.java:122)
at org.openqa.selenium.remote.http.W3CHttpResponseCodec.decode(W3CHttpResponseCodec.java:49)
at org.openqa.selenium.remote.HttpCommandExecutor.execute(HttpCommandExecutor.java:158)
at org.openqa.selenium.remote.service.DriverCommandExecutor.execute(DriverCommandExecutor.java:83)
at org.openqa.selenium.remote.RemoteWebDriver.execute(RemoteWebDriver.java:552)
at org.openqa.selenium.remote.RemoteWebDriver.findElement(RemoteWebDriver.java:323)
at org.openqa.selenium.remote.RemoteWebDriver.findElementByXPath(RemoteWebDriver.java:428)
at org.openqa.selenium.By$ByXPath.findElement(By.java:353)
at org.openqa.selenium.remote.RemoteWebDriver.findElement(RemoteWebDriver.java:315)
at org.openqa.selenium.support.pagefactory.DefaultElementLocator.findElement(DefaultElementLocator.java:69)
at org.openqa.selenium.support.pagefactory.internal.LocatingElementHandler.invoke(LocatingElementHandler.java:38)
at com.sun.proxy.$Proxy13.toString(Unknown Source)
at java.base/java.lang.String.valueOf(String.java:3042)
at java.base/java.lang.StringBuilder.append(StringBuilder.java:168)
at utility.GeneralChecks.isWebElementDisplayed(GeneralChecks.java:19)
at pages.PageCheckout.isAt(PageCheckout.java:56)
at automationassignment.TestCase1.step4_CaptureDetailsForDelivery(TestCase1.java:42)
at java.base/jdk.internal.reflect.NativeMethodAccessorImpl.invoke0(Native Method)
at java.base/jdk.internal.reflect.NativeMethodAccessorImpl.invoke(NativeMethodAccessorImpl.java:62)
at java.base/jdk.internal.reflect.DelegatingMethodAccessorImpl.invoke(DelegatingMethodAccessorImpl.java:43)
at java.base/java.lang.reflect.Method.invoke(Method.java:567)
at org.testng.internal.MethodInvocationHelper.invokeMethod(MethodInvocationHelper.java:133)
at org.testng.internal.TestInvoker.invokeMethod(TestInvoker.java:584)
at org.testng.internal.TestInvoker.invokeTestMethod(TestInvoker.java:172)
at org.testng.internal.MethodRunner.runInSequence(MethodRunner.java:46)
at org.testng.internal.TestInvoker$MethodInvocationAgent.invoke(TestInvoker.java:804)
at org.testng.internal.TestInvoker.invokeTestMethods(TestInvoker.java:145)
at org.testng.internal.TestMethodWorker.invokeTestMethods(TestMethodWorker.java:146)
at org.testng.internal.TestMethodWorker.run(TestMethodWorker.java:128)
at java.base/java.util.concurrent.ThreadPoolExecutor.runWorker(ThreadPoolExecutor.java:1128)
at java.base/java.util.concurrent.ThreadPoolExecutor$Worker.run(ThreadPoolExecutor.java:628)
at java.base/java.lang.Thread.run(Thread.java:835)
]]>
            </full-stacktrace>
          </exception> <!-- org.openqa.selenium.NoSuchSessionException -->
          <reporter-output>
          </reporter-output>
        </test-method> <!-- step4_CaptureDetailsForDelivery -->
        <test-method signature="step5_ReceiveOrderReference()[pri:0, instance:automationassignment.TestCase1@6b4a4e18]" started-at="2019-10-06T11:17:07 SAST" name="step5_ReceiveOrderReference" finished-at="2019-10-06T11:17:07 SAST" depends-on-methods="automationassignment.TestCase1.step4_CaptureDetailsForDelivery" duration-ms="0" status="SKIP">
          <exception class="java.lang.Throwable">
            <message>
              <![CDATA[Method TestCase1.step5_ReceiveOrderReference()[pri:0, instance:automationassignment.TestCase1@6b4a4e18] depends on not successfully finished methods]]>
            </message>
            <full-stacktrace>
              <![CDATA[java.lang.Throwable: Method TestCase1.step5_ReceiveOrderReference()[pri:0, instance:automationassignment.TestCase1@6b4a4e18] depends on not successfully finished methods
at org.testng.internal.TestInvoker.invokeTestMethods(TestInvoker.java:99)
at org.testng.internal.TestMethodWorker.invokeTestMethods(TestMethodWorker.java:146)
at org.testng.internal.TestMethodWorker.run(TestMethodWorker.java:128)
at java.base/java.util.concurrent.ThreadPoolExecutor.runWorker(ThreadPoolExecutor.java:1128)
at java.base/java.util.concurrent.ThreadPoolExecutor$Worker.run(ThreadPoolExecutor.java:628)
at java.base/java.lang.Thread.run(Thread.java:835)
]]>
            </full-stacktrace>
          </exception> <!-- java.lang.Throwable -->
          <reporter-output>
          </reporter-output>
        </test-method> <!-- step5_ReceiveOrderReference -->
        <test-method is-config="true" signature="closeBrowser()[pri:0, instance:automationassignment.TestCase1@6b4a4e18]" started-at="2019-10-06T11:17:07 SAST" name="closeBrowser" finished-at="2019-10-06T11:17:07 SAST" duration-ms="0" status="PASS">
          <reporter-output>
          </reporter-output>
        </test-method> <!-- closeBrowser -->
      </class> <!-- automationassignment.TestCase1 -->
      <class name="automationassignment.TestCase1Bonus">
        <test-method is-config="true" signature="openPage()[pri:0, instance:automationassignment.TestCase1Bonus@27c86f2d]" started-at="2019-10-06T11:16:25 SAST" name="openPage" finished-at="2019-10-06T11:16:34 SAST" duration-ms="9118" status="PASS">
          <reporter-output>
          </reporter-output>
        </test-method> <!-- openPage -->
        <test-method signature="step1_EnterAddress()[pri:0, instance:automationassignment.TestCase1Bonus@27c86f2d]" started-at="2019-10-06T11:16:34 SAST" name="step1_EnterAddress" finished-at="2019-10-06T11:16:43 SAST" duration-ms="8320" status="PASS">
          <reporter-output>
          </reporter-output>
        </test-method> <!-- step1_EnterAddress -->
        <test-method signature="step2_SearchForRestaurantsNearAddress()[pri:0, instance:automationassignment.TestCase1Bonus@27c86f2d]" started-at="2019-10-06T11:16:43 SAST" name="step2_SearchForRestaurantsNearAddress" finished-at="2019-10-06T11:16:55 SAST" depends-on-methods="automationassignment.TestCase1Bonus.step1_EnterAddress" duration-ms="12397" status="PASS">
          <reporter-output>
          </reporter-output>
        </test-method> <!-- step2_SearchForRestaurantsNearAddress -->
        <test-method signature="step3_AddItemsToBasket()[pri:0, instance:automationassignment.TestCase1Bonus@27c86f2d]" started-at="2019-10-06T11:16:55 SAST" name="step3_AddItemsToBasket" finished-at="2019-10-06T11:17:03 SAST" depends-on-methods="automationassignment.TestCase1Bonus.step2_SearchForRestaurantsNearAddress" duration-ms="7935" status="FAIL">
          <exception class="java.lang.IndexOutOfBoundsException">
            <message>
              <![CDATA[Index 1 out of bounds for length 0]]>
            </message>
            <full-stacktrace>
              <![CDATA[java.lang.IndexOutOfBoundsException: Index 1 out of bounds for length 0
at java.base/jdk.internal.util.Preconditions.outOfBounds(Preconditions.java:64)
at java.base/jdk.internal.util.Preconditions.outOfBoundsCheckIndex(Preconditions.java:70)
at java.base/jdk.internal.util.Preconditions.checkIndex(Preconditions.java:248)
at java.base/java.util.Objects.checkIndex(Objects.java:372)
at java.base/java.util.ArrayList.get(ArrayList.java:458)
at java.base/jdk.internal.reflect.NativeMethodAccessorImpl.invoke0(Native Method)
at java.base/jdk.internal.reflect.NativeMethodAccessorImpl.invoke(NativeMethodAccessorImpl.java:62)
at java.base/jdk.internal.reflect.DelegatingMethodAccessorImpl.invoke(DelegatingMethodAccessorImpl.java:43)
at java.base/java.lang.reflect.Method.invoke(Method.java:567)
at org.openqa.selenium.support.pagefactory.internal.LocatingElementListHandler.invoke(LocatingElementListHandler.java:39)
at com.sun.proxy.$Proxy14.get(Unknown Source)
at utility.GeneralSelects.selectItemFromWebElementlist(GeneralSelects.java:14)
at pages.PageRestaurantMenu.addDishToBasket(PageRestaurantMenu.java:28)
at automationassignment.TestCase1Bonus.step3_AddItemsToBasket(TestCase1Bonus.java:36)
at java.base/jdk.internal.reflect.NativeMethodAccessorImpl.invoke0(Native Method)
at java.base/jdk.internal.reflect.NativeMethodAccessorImpl.invoke(NativeMethodAccessorImpl.java:62)
at java.base/jdk.internal.reflect.DelegatingMethodAccessorImpl.invoke(DelegatingMethodAccessorImpl.java:43)
at java.base/java.lang.reflect.Method.invoke(Method.java:567)
at org.testng.internal.MethodInvocationHelper.invokeMethod(MethodInvocationHelper.java:133)
at org.testng.internal.TestInvoker.invokeMethod(TestInvoker.java:584)
at org.testng.internal.TestInvoker.invokeTestMethod(TestInvoker.java:172)
at org.testng.internal.MethodRunner.runInSequence(MethodRunner.java:46)
at org.testng.internal.TestInvoker$MethodInvocationAgent.invoke(TestInvoker.java:804)
at org.testng.internal.TestInvoker.invokeTestMethods(TestInvoker.java:145)
at org.testng.internal.TestMethodWorker.invokeTestMethods(TestMethodWorker.java:146)
at org.testng.internal.TestMethodWorker.run(TestMethodWorker.java:128)
at java.base/java.util.concurrent.ThreadPoolExecutor.runWorker(ThreadPoolExecutor.java:1128)
at java.base/java.util.concurrent.ThreadPoolExecutor$Worker.run(ThreadPoolExecutor.java:628)
at java.base/java.lang.Thread.run(Thread.java:835)
]]>
            </full-stacktrace>
          </exception> <!-- java.lang.IndexOutOfBoundsException -->
          <reporter-output>
          </reporter-output>
        </test-method> <!-- step3_AddItemsToBasket -->
        <test-method signature="step4_CaptureDetailsForDelivery()[pri:0, instance:automationassignment.TestCase1Bonus@27c86f2d]" started-at="2019-10-06T11:17:03 SAST" name="step4_CaptureDetailsForDelivery" finished-at="2019-10-06T11:17:03 SAST" depends-on-methods="automationassignment.TestCase1Bonus.step3_AddItemsToBasket" duration-ms="0" status="SKIP">
          <exception class="java.lang.Throwable">
            <message>
              <![CDATA[Method TestCase1Bonus.step4_CaptureDetailsForDelivery()[pri:0, instance:automationassignment.TestCase1Bonus@27c86f2d] depends on not successfully finished methods]]>
            </message>
            <full-stacktrace>
              <![CDATA[java.lang.Throwable: Method TestCase1Bonus.step4_CaptureDetailsForDelivery()[pri:0, instance:automationassignment.TestCase1Bonus@27c86f2d] depends on not successfully finished methods
at org.testng.internal.TestInvoker.invokeTestMethods(TestInvoker.java:99)
at org.testng.internal.TestMethodWorker.invokeTestMethods(TestMethodWorker.java:146)
at org.testng.internal.TestMethodWorker.run(TestMethodWorker.java:128)
at java.base/java.util.concurrent.ThreadPoolExecutor.runWorker(ThreadPoolExecutor.java:1128)
at java.base/java.util.concurrent.ThreadPoolExecutor$Worker.run(ThreadPoolExecutor.java:628)
at java.base/java.lang.Thread.run(Thread.java:835)
]]>
            </full-stacktrace>
          </exception> <!-- java.lang.Throwable -->
          <reporter-output>
          </reporter-output>
        </test-method> <!-- step4_CaptureDetailsForDelivery -->
        <test-method signature="step5_ReceiveOrderReference()[pri:0, instance:automationassignment.TestCase1Bonus@27c86f2d]" started-at="2019-10-06T11:17:03 SAST" name="step5_ReceiveOrderReference" finished-at="2019-10-06T11:17:03 SAST" depends-on-methods="automationassignment.TestCase1Bonus.step4_CaptureDetailsForDelivery" duration-ms="0" status="SKIP">
          <exception class="java.lang.Throwable">
            <message>
              <![CDATA[Method TestCase1Bonus.step5_ReceiveOrderReference()[pri:0, instance:automationassignment.TestCase1Bonus@27c86f2d] depends on not successfully finished methods]]>
            </message>
            <full-stacktrace>
              <![CDATA[java.lang.Throwable: Method TestCase1Bonus.step5_ReceiveOrderReference()[pri:0, instance:automationassignment.TestCase1Bonus@27c86f2d] depends on not successfully finished methods
at org.testng.internal.TestInvoker.invokeTestMethods(TestInvoker.java:99)
at org.testng.internal.TestMethodWorker.invokeTestMethods(TestMethodWorker.java:146)
at org.testng.internal.TestMethodWorker.run(TestMethodWorker.java:128)
at java.base/java.util.concurrent.ThreadPoolExecutor.runWorker(ThreadPoolExecutor.java:1128)
at java.base/java.util.concurrent.ThreadPoolExecutor$Worker.run(ThreadPoolExecutor.java:628)
at java.base/java.lang.Thread.run(Thread.java:835)
]]>
            </full-stacktrace>
          </exception> <!-- java.lang.Throwable -->
          <reporter-output>
          </reporter-output>
        </test-method> <!-- step5_ReceiveOrderReference -->
        <test-method is-config="true" signature="closeBrowser()[pri:0, instance:automationassignment.TestCase1Bonus@27c86f2d]" started-at="2019-10-06T11:17:03 SAST" name="closeBrowser" finished-at="2019-10-06T11:17:05 SAST" duration-ms="2131" status="PASS">
          <reporter-output>
          </reporter-output>
        </test-method> <!-- closeBrowser -->
      </class> <!-- automationassignment.TestCase1Bonus -->
    </test> <!-- TestCases1 -->
    <test started-at="2019-10-06T11:17:07 SAST" name="TestCase2" finished-at="2019-10-06T11:17:24 SAST" duration-ms="17219">
      <class name="automationassignment.TestCase2Bonus">
        <test-method is-config="true" signature="openPage()[pri:0, instance:automationassignment.TestCase2Bonus@6973bf95]" started-at="2019-10-06T11:17:07 SAST" name="openPage" finished-at="2019-10-06T11:17:16 SAST" duration-ms="8694" status="PASS">
          <reporter-output>
          </reporter-output>
        </test-method> <!-- openPage -->
        <test-method signature="step1_EnterAddress(java.lang.String, java.lang.String)[pri:0, instance:automationassignment.TestCase2Bonus@6973bf95]" started-at="2019-10-06T11:17:16 SAST" name="step1_EnterAddress" data-provider="testData1" finished-at="2019-10-06T11:17:22 SAST" duration-ms="6179" status="FAIL">
          <params>
            <param index="0">
              <value>
                <![CDATA[8888]]>
              </value>
            </param>
            <param index="1">
              <value>
                <![CDATA[8888 Alpha]]>
              </value>
            </param>
          </params>
          <exception class="java.lang.StringIndexOutOfBoundsException">
            <message>
              <![CDATA[String index out of range: -11]]>
            </message>
            <full-stacktrace>
              <![CDATA[java.lang.StringIndexOutOfBoundsException: String index out of range: -11
at java.base/java.lang.String.substring(String.java:1850)
at utility.GeneralSelects.selectItemFromWebElementlist(GeneralSelects.java:26)
at pages.PageTimeToOrderFood.selectSuggestedAddressFromList(PageTimeToOrderFood.java:43)
at pages.PageTimeToOrderFood.enterAddress(PageTimeToOrderFood.java:33)
at automationassignment.TestCase2Bonus.step1_EnterAddress(TestCase2Bonus.java:45)
at java.base/jdk.internal.reflect.NativeMethodAccessorImpl.invoke0(Native Method)
at java.base/jdk.internal.reflect.NativeMethodAccessorImpl.invoke(NativeMethodAccessorImpl.java:62)
at java.base/jdk.internal.reflect.DelegatingMethodAccessorImpl.invoke(DelegatingMethodAccessorImpl.java:43)
at java.base/java.lang.reflect.Method.invoke(Method.java:567)
at org.testng.internal.MethodInvocationHelper.invokeMethod(MethodInvocationHelper.java:133)
at org.testng.internal.TestInvoker.invokeMethod(TestInvoker.java:584)
at org.testng.internal.TestInvoker.invokeTestMethod(TestInvoker.java:172)
at org.testng.internal.MethodRunner.runInSequence(MethodRunner.java:46)
at org.testng.internal.TestInvoker$MethodInvocationAgent.invoke(TestInvoker.java:804)
at org.testng.internal.TestInvoker.invokeTestMethods(TestInvoker.java:145)
at org.testng.internal.TestMethodWorker.invokeTestMethods(TestMethodWorker.java:146)
at org.testng.internal.TestMethodWorker.run(TestMethodWorker.java:128)
at java.base/java.util.concurrent.ThreadPoolExecutor.runWorker(ThreadPoolExecutor.java:1128)
at java.base/java.util.concurrent.ThreadPoolExecutor$Worker.run(ThreadPoolExecutor.java:628)
at java.base/java.lang.Thread.run(Thread.java:835)
]]>
            </full-stacktrace>
          </exception> <!-- java.lang.StringIndexOutOfBoundsException -->
          <reporter-output>
          </reporter-output>
        </test-method> <!-- step1_EnterAddress -->
        <test-method signature="step2_SearchForRestaurantsNearAddress(java.lang.String)[pri:0, instance:automationassignment.TestCase2Bonus@6973bf95]" started-at="2019-10-06T11:17:22 SAST" name="step2_SearchForRestaurantsNearAddress" data-provider="testData2" finished-at="2019-10-06T11:17:22 SAST" depends-on-methods="automationassignment.TestCase2Bonus.step1_EnterAddress" duration-ms="0" status="SKIP">
          <exception class="java.lang.Throwable">
            <message>
              <![CDATA[Method TestCase2Bonus.step2_SearchForRestaurantsNearAddress(java.lang.String)[pri:0, instance:automationassignment.TestCase2Bonus@6973bf95] depends on not successfully finished methods]]>
            </message>
            <full-stacktrace>
              <![CDATA[java.lang.Throwable: Method TestCase2Bonus.step2_SearchForRestaurantsNearAddress(java.lang.String)[pri:0, instance:automationassignment.TestCase2Bonus@6973bf95] depends on not successfully finished methods
at org.testng.internal.TestInvoker.invokeTestMethods(TestInvoker.java:99)
at org.testng.internal.TestMethodWorker.invokeTestMethods(TestMethodWorker.java:146)
at org.testng.internal.TestMethodWorker.run(TestMethodWorker.java:128)
at java.base/java.util.concurrent.ThreadPoolExecutor.runWorker(ThreadPoolExecutor.java:1128)
at java.base/java.util.concurrent.ThreadPoolExecutor$Worker.run(ThreadPoolExecutor.java:628)
at java.base/java.lang.Thread.run(Thread.java:835)
]]>
            </full-stacktrace>
          </exception> <!-- java.lang.Throwable -->
          <reporter-output>
          </reporter-output>
        </test-method> <!-- step2_SearchForRestaurantsNearAddress -->
        <test-method signature="step3_AddItemsToBasket(java.lang.String)[pri:0, instance:automationassignment.TestCase2Bonus@6973bf95]" started-at="2019-10-06T11:17:22 SAST" name="step3_AddItemsToBasket" data-provider="testData3" finished-at="2019-10-06T11:17:22 SAST" depends-on-methods="automationassignment.TestCase2Bonus.step2_SearchForRestaurantsNearAddress" duration-ms="0" status="SKIP">
          <exception class="java.lang.Throwable">
            <message>
              <![CDATA[Method TestCase2Bonus.step3_AddItemsToBasket(java.lang.String)[pri:0, instance:automationassignment.TestCase2Bonus@6973bf95] depends on not successfully finished methods]]>
            </message>
            <full-stacktrace>
              <![CDATA[java.lang.Throwable: Method TestCase2Bonus.step3_AddItemsToBasket(java.lang.String)[pri:0, instance:automationassignment.TestCase2Bonus@6973bf95] depends on not successfully finished methods
at org.testng.internal.TestInvoker.invokeTestMethods(TestInvoker.java:99)
at org.testng.internal.TestMethodWorker.invokeTestMethods(TestMethodWorker.java:146)
at org.testng.internal.TestMethodWorker.run(TestMethodWorker.java:128)
at java.base/java.util.concurrent.ThreadPoolExecutor.runWorker(ThreadPoolExecutor.java:1128)
at java.base/java.util.concurrent.ThreadPoolExecutor$Worker.run(ThreadPoolExecutor.java:628)
at java.base/java.lang.Thread.run(Thread.java:835)
]]>
            </full-stacktrace>
          </exception> <!-- java.lang.Throwable -->
          <reporter-output>
          </reporter-output>
        </test-method> <!-- step3_AddItemsToBasket -->
        <test-method signature="step4_CaptureDetailsForDelivery(java.lang.String, java.lang.String, java.lang.String, java.lang.String, java.lang.String, java.lang.String, java.lang.String)[pri:0, instance:automationassignment.TestCase2Bonus@6973bf95]" started-at="2019-10-06T11:17:22 SAST" name="step4_CaptureDetailsForDelivery" data-provider="testData4" finished-at="2019-10-06T11:17:22 SAST" depends-on-methods="automationassignment.TestCase2Bonus.step3_AddItemsToBasket" duration-ms="0" status="SKIP">
          <exception class="java.lang.Throwable">
            <message>
              <![CDATA[Method TestCase2Bonus.step4_CaptureDetailsForDelivery(java.lang.String, java.lang.String, java.lang.String, java.lang.String, java.lang.String, java.lang.String, java.lang.String)[pri:0, instance:automationassignment.TestCase2Bonus@6973bf95] depends on not successfully finished methods]]>
            </message>
            <full-stacktrace>
              <![CDATA[java.lang.Throwable: Method TestCase2Bonus.step4_CaptureDetailsForDelivery(java.lang.String, java.lang.String, java.lang.String, java.lang.String, java.lang.String, java.lang.String, java.lang.String)[pri:0, instance:automationassignment.TestCase2Bonus@6973bf95] depends on not successfully finished methods
at org.testng.internal.TestInvoker.invokeTestMethods(TestInvoker.java:99)
at org.testng.internal.TestMethodWorker.invokeTestMethods(TestMethodWorker.java:146)
at org.testng.internal.TestMethodWorker.run(TestMethodWorker.java:128)
at java.base/java.util.concurrent.ThreadPoolExecutor.runWorker(ThreadPoolExecutor.java:1128)
at java.base/java.util.concurrent.ThreadPoolExecutor$Worker.run(ThreadPoolExecutor.java:628)
at java.base/java.lang.Thread.run(Thread.java:835)
]]>
            </full-stacktrace>
          </exception> <!-- java.lang.Throwable -->
          <reporter-output>
          </reporter-output>
        </test-method> <!-- step4_CaptureDetailsForDelivery -->
        <test-method signature="step5_ReceiveOrderReference()[pri:0, instance:automationassignment.TestCase2Bonus@6973bf95]" started-at="2019-10-06T11:17:22 SAST" name="step5_ReceiveOrderReference" finished-at="2019-10-06T11:17:22 SAST" depends-on-methods="automationassignment.TestCase2Bonus.step4_CaptureDetailsForDelivery" duration-ms="0" status="SKIP">
          <exception class="java.lang.Throwable">
            <message>
              <![CDATA[Method TestCase2Bonus.step5_ReceiveOrderReference()[pri:0, instance:automationassignment.TestCase2Bonus@6973bf95] depends on not successfully finished methods]]>
            </message>
            <full-stacktrace>
              <![CDATA[java.lang.Throwable: Method TestCase2Bonus.step5_ReceiveOrderReference()[pri:0, instance:automationassignment.TestCase2Bonus@6973bf95] depends on not successfully finished methods
at org.testng.internal.TestInvoker.invokeTestMethods(TestInvoker.java:99)
at org.testng.internal.TestMethodWorker.invokeTestMethods(TestMethodWorker.java:146)
at org.testng.internal.TestMethodWorker.run(TestMethodWorker.java:128)
at java.base/java.util.concurrent.ThreadPoolExecutor.runWorker(ThreadPoolExecutor.java:1128)
at java.base/java.util.concurrent.ThreadPoolExecutor$Worker.run(ThreadPoolExecutor.java:628)
at java.base/java.lang.Thread.run(Thread.java:835)
]]>
            </full-stacktrace>
          </exception> <!-- java.lang.Throwable -->
          <reporter-output>
          </reporter-output>
        </test-method> <!-- step5_ReceiveOrderReference -->
        <test-method is-config="true" signature="closeBrowser()[pri:0, instance:automationassignment.TestCase2Bonus@6973bf95]" started-at="2019-10-06T11:17:22 SAST" name="closeBrowser" finished-at="2019-10-06T11:17:24 SAST" duration-ms="2083" status="PASS">
          <reporter-output>
          </reporter-output>
        </test-method> <!-- closeBrowser -->
      </class> <!-- automationassignment.TestCase2Bonus -->
      <class name="automationassignment.TestCase2">
        <test-method is-config="true" signature="openPage()[pri:0, instance:automationassignment.TestCase2@6ce139a4]" started-at="2019-10-06T11:17:07 SAST" name="openPage" finished-at="2019-10-06T11:17:11 SAST" duration-ms="3937" status="PASS">
          <reporter-output>
          </reporter-output>
        </test-method> <!-- openPage -->
        <test-method signature="step1_EnterAddress(java.lang.String, java.lang.String)[pri:0, instance:automationassignment.TestCase2@6ce139a4]" started-at="2019-10-06T11:17:11 SAST" name="step1_EnterAddress" data-provider="testData1" finished-at="2019-10-06T11:17:20 SAST" duration-ms="9075" status="PASS">
          <params>
            <param index="0">
              <value>
                <![CDATA[8888]]>
              </value>
            </param>
            <param index="1">
              <value>
                <![CDATA[8888 Alpha]]>
              </value>
            </param>
          </params>
          <reporter-output>
          </reporter-output>
        </test-method> <!-- step1_EnterAddress -->
        <test-method signature="step2_SearchForRestaurantsNearAddress(java.lang.String)[pri:0, instance:automationassignment.TestCase2@6ce139a4]" started-at="2019-10-06T11:17:20 SAST" name="step2_SearchForRestaurantsNearAddress" data-provider="testData2" finished-at="2019-10-06T11:17:24 SAST" depends-on-methods="automationassignment.TestCase2.step1_EnterAddress" duration-ms="4010" status="FAIL">
          <params>
            <param index="0">
              <value>
                <![CDATA[QA Restaurant Selenium]]>
              </value>
            </param>
          </params>
          <exception class="org.openqa.selenium.NoSuchSessionException">
            <message>
              <![CDATA[Tried to run command without establishing a connection
Build info: version: '3.141.59', revision: 'e82be7d358', time: '2018-11-14T08:17:03'
System info: host: 'MWLTPF1MEAFD', ip: '8.11.8.108', os.name: 'Windows 10', os.arch: 'amd64', os.version: '10.0', java.version: '12.0.1'
Driver info: org.openqa.selenium.firefox.FirefoxDriver
Capabilities {acceptInsecureCerts: true, browserName: firefox, browserVersion: 69.0.1, javascriptEnabled: true, moz:accessibilityChecks: false, moz:buildID: 20190917135527, moz:geckodriverVersion: 0.25.0, moz:headless: false, moz:processID: 26488, moz:profile: C:\Users\shauncr\AppData\Lo..., moz:shutdownTimeout: 60000, moz:useNonSpecCompliantPointerOrigin: false, moz:webdriverClick: true, pageLoadStrategy: normal, platform: WINDOWS, platformName: WINDOWS, platformVersion: 10.0, rotatable: false, setWindowRect: true, strictFileInteractability: false, timeouts: {implicit: 0, pageLoad: 300000, script: 30000}, unhandledPromptBehavior: dismiss and notify}
Session ID: 982ff621-be2e-4c6d-b4cc-0e94dac05ae9
*** Element info: {Using=xpath, value=//body[@class='step2 is-restaurant-list welcome']}]]>
            </message>
            <full-stacktrace>
              <![CDATA[org.openqa.selenium.NoSuchSessionException: Tried to run command without establishing a connection
Build info: version: '3.141.59', revision: 'e82be7d358', time: '2018-11-14T08:17:03'
System info: host: 'MWLTPF1MEAFD', ip: '8.11.8.108', os.name: 'Windows 10', os.arch: 'amd64', os.version: '10.0', java.version: '12.0.1'
Driver info: org.openqa.selenium.firefox.FirefoxDriver
Capabilities {acceptInsecureCerts: true, browserName: firefox, browserVersion: 69.0.1, javascriptEnabled: true, moz:accessibilityChecks: false, moz:buildID: 20190917135527, moz:geckodriverVersion: 0.25.0, moz:headless: false, moz:processID: 26488, moz:profile: C:\Users\shauncr\AppData\Lo..., moz:shutdownTimeout: 60000, moz:useNonSpecCompliantPointerOrigin: false, moz:webdriverClick: true, pageLoadStrategy: normal, platform: WINDOWS, platformName: WINDOWS, platformVersion: 10.0, rotatable: false, setWindowRect: true, strictFileInteractability: false, timeouts: {implicit: 0, pageLoad: 300000, script: 30000}, unhandledPromptBehavior: dismiss and notify}
Session ID: 982ff621-be2e-4c6d-b4cc-0e94dac05ae9
*** Element info: {Using=xpath, value=//body[@class='step2 is-restaurant-list welcome']}
at java.base/jdk.internal.reflect.NativeConstructorAccessorImpl.newInstance0(Native Method)
at java.base/jdk.internal.reflect.NativeConstructorAccessorImpl.newInstance(NativeConstructorAccessorImpl.java:62)
at java.base/jdk.internal.reflect.DelegatingConstructorAccessorImpl.newInstance(DelegatingConstructorAccessorImpl.java:45)
at java.base/java.lang.reflect.Constructor.newInstanceWithCaller(Constructor.java:500)
at java.base/java.lang.reflect.Constructor.newInstance(Constructor.java:481)
at org.openqa.selenium.remote.http.W3CHttpResponseCodec.createException(W3CHttpResponseCodec.java:187)
at org.openqa.selenium.remote.http.W3CHttpResponseCodec.decode(W3CHttpResponseCodec.java:122)
at org.openqa.selenium.remote.http.W3CHttpResponseCodec.decode(W3CHttpResponseCodec.java:49)
at org.openqa.selenium.remote.HttpCommandExecutor.execute(HttpCommandExecutor.java:158)
at org.openqa.selenium.remote.service.DriverCommandExecutor.execute(DriverCommandExecutor.java:83)
at org.openqa.selenium.remote.RemoteWebDriver.execute(RemoteWebDriver.java:552)
at org.openqa.selenium.remote.RemoteWebDriver.findElement(RemoteWebDriver.java:323)
at org.openqa.selenium.remote.RemoteWebDriver.findElementByXPath(RemoteWebDriver.java:428)
at org.openqa.selenium.By$ByXPath.findElement(By.java:353)
at org.openqa.selenium.remote.RemoteWebDriver.findElement(RemoteWebDriver.java:315)
at org.openqa.selenium.support.pagefactory.DefaultElementLocator.findElement(DefaultElementLocator.java:69)
at org.openqa.selenium.support.pagefactory.internal.LocatingElementHandler.invoke(LocatingElementHandler.java:38)
at com.sun.proxy.$Proxy13.toString(Unknown Source)
at java.base/java.lang.String.valueOf(String.java:3042)
at java.base/java.lang.StringBuilder.append(StringBuilder.java:168)
at utility.GeneralChecks.isWebElementDisplayed(GeneralChecks.java:19)
at pages.PageDisplayRestaurants.isAt(PageDisplayRestaurants.java:26)
at automationassignment.TestCase2.step2_SearchForRestaurantsNearAddress(TestCase2.java:52)
at java.base/jdk.internal.reflect.NativeMethodAccessorImpl.invoke0(Native Method)
at java.base/jdk.internal.reflect.NativeMethodAccessorImpl.invoke(NativeMethodAccessorImpl.java:62)
at java.base/jdk.internal.reflect.DelegatingMethodAccessorImpl.invoke(DelegatingMethodAccessorImpl.java:43)
at java.base/java.lang.reflect.Method.invoke(Method.java:567)
at org.testng.internal.MethodInvocationHelper.invokeMethod(MethodInvocationHelper.java:133)
at org.testng.internal.TestInvoker.invokeMethod(TestInvoker.java:584)
at org.testng.internal.TestInvoker.invokeTestMethod(TestInvoker.java:172)
at org.testng.internal.MethodRunner.runInSequence(MethodRunner.java:46)
at org.testng.internal.TestInvoker$MethodInvocationAgent.invoke(TestInvoker.java:804)
at org.testng.internal.TestInvoker.invokeTestMethods(TestInvoker.java:145)
at org.testng.internal.TestMethodWorker.invokeTestMethods(TestMethodWorker.java:146)
at org.testng.internal.TestMethodWorker.run(TestMethodWorker.java:128)
at java.base/java.util.concurrent.ThreadPoolExecutor.runWorker(ThreadPoolExecutor.java:1128)
at java.base/java.util.concurrent.ThreadPoolExecutor$Worker.run(ThreadPoolExecutor.java:628)
at java.base/java.lang.Thread.run(Thread.java:835)
]]>
            </full-stacktrace>
          </exception> <!-- org.openqa.selenium.NoSuchSessionException -->
          <reporter-output>
          </reporter-output>
        </test-method> <!-- step2_SearchForRestaurantsNearAddress -->
        <test-method signature="step3_AddItemsToBasket(java.lang.String)[pri:0, instance:automationassignment.TestCase2@6ce139a4]" started-at="2019-10-06T11:17:24 SAST" name="step3_AddItemsToBasket" data-provider="testData3" finished-at="2019-10-06T11:17:24 SAST" depends-on-methods="automationassignment.TestCase2.step2_SearchForRestaurantsNearAddress" duration-ms="0" status="SKIP">
          <exception class="java.lang.Throwable">
            <message>
              <![CDATA[Method TestCase2.step3_AddItemsToBasket(java.lang.String)[pri:0, instance:automationassignment.TestCase2@6ce139a4] depends on not successfully finished methods]]>
            </message>
            <full-stacktrace>
              <![CDATA[java.lang.Throwable: Method TestCase2.step3_AddItemsToBasket(java.lang.String)[pri:0, instance:automationassignment.TestCase2@6ce139a4] depends on not successfully finished methods
at org.testng.internal.TestInvoker.invokeTestMethods(TestInvoker.java:99)
at org.testng.internal.TestMethodWorker.invokeTestMethods(TestMethodWorker.java:146)
at org.testng.internal.TestMethodWorker.run(TestMethodWorker.java:128)
at java.base/java.util.concurrent.ThreadPoolExecutor.runWorker(ThreadPoolExecutor.java:1128)
at java.base/java.util.concurrent.ThreadPoolExecutor$Worker.run(ThreadPoolExecutor.java:628)
at java.base/java.lang.Thread.run(Thread.java:835)
]]>
            </full-stacktrace>
          </exception> <!-- java.lang.Throwable -->
          <reporter-output>
          </reporter-output>
        </test-method> <!-- step3_AddItemsToBasket -->
        <test-method signature="step5_ReceiveOrderReference()[pri:0, instance:automationassignment.TestCase2@6ce139a4]" started-at="2019-10-06T11:17:24 SAST" name="step5_ReceiveOrderReference" finished-at="2019-10-06T11:17:24 SAST" depends-on-methods="automationassignment.TestCase2.step4_CaptureDetailsForDelivery" duration-ms="0" status="SKIP">
          <exception class="java.lang.Throwable">
            <message>
              <![CDATA[Method TestCase2.step5_ReceiveOrderReference()[pri:0, instance:automationassignment.TestCase2@6ce139a4] depends on not successfully finished methods]]>
            </message>
            <full-stacktrace>
              <![CDATA[java.lang.Throwable: Method TestCase2.step5_ReceiveOrderReference()[pri:0, instance:automationassignment.TestCase2@6ce139a4] depends on not successfully finished methods
at org.testng.internal.TestInvoker.invokeTestMethods(TestInvoker.java:99)
at org.testng.internal.TestMethodWorker.invokeTestMethods(TestMethodWorker.java:146)
at org.testng.internal.TestMethodWorker.run(TestMethodWorker.java:128)
at java.base/java.util.concurrent.ThreadPoolExecutor.runWorker(ThreadPoolExecutor.java:1128)
at java.base/java.util.concurrent.ThreadPoolExecutor$Worker.run(ThreadPoolExecutor.java:628)
at java.base/java.lang.Thread.run(Thread.java:835)
]]>
            </full-stacktrace>
          </exception> <!-- java.lang.Throwable -->
          <reporter-output>
          </reporter-output>
        </test-method> <!-- step5_ReceiveOrderReference -->
        <test-method signature="step4_CaptureDetailsForDelivery(java.lang.String, java.lang.String, java.lang.String, java.lang.String, java.lang.String, java.lang.String, java.lang.String)[pri:0, instance:automationassignment.TestCase2@6ce139a4]" started-at="2019-10-06T11:17:24 SAST" name="step4_CaptureDetailsForDelivery" data-provider="testData4" finished-at="2019-10-06T11:17:24 SAST" depends-on-methods="automationassignment.TestCase2.step3_AddItemsToBasket" duration-ms="0" status="SKIP">
          <exception class="java.lang.Throwable">
            <message>
              <![CDATA[Method TestCase2.step4_CaptureDetailsForDelivery(java.lang.String, java.lang.String, java.lang.String, java.lang.String, java.lang.String, java.lang.String, java.lang.String)[pri:0, instance:automationassignment.TestCase2@6ce139a4] depends on not successfully finished methods]]>
            </message>
            <full-stacktrace>
              <![CDATA[java.lang.Throwable: Method TestCase2.step4_CaptureDetailsForDelivery(java.lang.String, java.lang.String, java.lang.String, java.lang.String, java.lang.String, java.lang.String, java.lang.String)[pri:0, instance:automationassignment.TestCase2@6ce139a4] depends on not successfully finished methods
at org.testng.internal.TestInvoker.invokeTestMethods(TestInvoker.java:99)
at org.testng.internal.TestMethodWorker.invokeTestMethods(TestMethodWorker.java:146)
at org.testng.internal.TestMethodWorker.run(TestMethodWorker.java:128)
at java.base/java.util.concurrent.ThreadPoolExecutor.runWorker(ThreadPoolExecutor.java:1128)
at java.base/java.util.concurrent.ThreadPoolExecutor$Worker.run(ThreadPoolExecutor.java:628)
at java.base/java.lang.Thread.run(Thread.java:835)
]]>
            </full-stacktrace>
          </exception> <!-- java.lang.Throwable -->
          <reporter-output>
          </reporter-output>
        </test-method> <!-- step4_CaptureDetailsForDelivery -->
        <test-method is-config="true" signature="closeBrowser()[pri:0, instance:automationassignment.TestCase2@6ce139a4]" started-at="2019-10-06T11:17:24 SAST" name="closeBrowser" finished-at="2019-10-06T11:17:24 SAST" duration-ms="0" status="PASS">
          <reporter-output>
          </reporter-output>
        </test-method> <!-- closeBrowser -->
      </class> <!-- automationassignment.TestCase2 -->
    </test> <!-- TestCase2 -->
  </suite> <!-- TestSuite1 -->
</testng-results>
